<?xml version="1.0" encoding="UTF-8"?>
<!-- Generated by org.testng.reporters.JUnitReportReporter -->
<testsuite hostname="DESKTOP-LLG3SK2" name="ukrpostTestingChrome.EnterPaMakeShipmentChromeTest" tests="5" failures="0" timestamp="30 May 2018 13:25:52 GMT" time="21.138" errors="0">
  <testcase name="LoginToPa" time="2.858" classname="ukrpostTestingChrome.EnterPaMakeShipmentChromeTest"/>
  <testcase name="CreateShipmentGroup" time="5.536" classname="ukrpostTestingChrome.EnterPaMakeShipmentChromeTest"/>
  <testcase name="Loadsite" time="3.942" classname="ukrpostTestingChrome.EnterPaMakeShipmentChromeTest"/>
  <testcase name="CreateShipment" time="1.577" classname="ukrpostTestingChrome.EnterPaMakeShipmentChromeTest"/>
  <testcase name="CheckShipmentData" time="7.225" classname="ukrpostTestingChrome.EnterPaMakeShipmentChromeTest"/>
</testsuite> <!-- ukrpostTestingChrome.EnterPaMakeShipmentChromeTest -->
