<?xml version="1.0" encoding="UTF-8"?>
<!-- Generated by org.testng.reporters.JUnitReportReporter -->
<testsuite hostname="DESKTOP-LLG3SK2" name="ukrpostTesting.DropDown" tests="2" failures="0" timestamp="21 Feb 2018 13:53:29 GMT" time="19.562" errors="0">
  <testcase name="CheckElement" time="4.597" classname="ukrpostTesting.DropDown"/>
  <testcase name="Loadsite" time="14.965" classname="ukrpostTesting.DropDown"/>
</testsuite> <!-- ukrpostTesting.DropDown -->
