<?xml version="1.0" encoding="UTF-8"?>
<!-- Generated by org.testng.reporters.JUnitReportReporter -->
<testsuite hostname="DESKTOP-LLG3SK2" name="ukrpostTestingChrome.DropDownTest" tests="2" failures="0" timestamp="17 Apr 2018 12:25:38 GMT" time="3.031" errors="0">
  <testcase name="CheckElement" time="2.031" classname="ukrpostTestingChrome.DropDownTest"/>
  <testcase name="Loadsite" time="1.000" classname="ukrpostTestingChrome.DropDownTest"/>
</testsuite> <!-- ukrpostTestingChrome.DropDownTest -->
