<?xml version="1.0" encoding="UTF-8"?>
<!-- Generated by org.testng.reporters.JUnitReportReporter -->
<testsuite hostname="DESKTOP-LLG3SK2" name="ukrpostTesting.EnterPaNegativeMozila" tests="2" failures="0" timestamp="21 Feb 2018 14:02:20 GMT" time="14.716" errors="0">
  <testcase name="LoginToPa" time="2.991" classname="ukrpostTesting.EnterPaNegativeMozila"/>
  <testcase name="Loadsite" time="11.725" classname="ukrpostTesting.EnterPaNegativeMozila"/>
</testsuite> <!-- ukrpostTesting.EnterPaNegativeMozila -->
