<?xml version="1.0" encoding="UTF-8"?>
<!-- Generated by org.testng.reporters.JUnitReportReporter -->
<testsuite hostname="DESKTOP-R72767A" name="ukrpostTestingChrome.EnterPAChromeTest" tests="3" failures="0" timestamp="21 May 2018 19:23:03 GMT" time="7.461" errors="0">
  <testcase name="LogoutPa" time="0.954" classname="ukrpostTestingChrome.EnterPAChromeTest"/>
  <testcase name="Loadsite" time="4.016" classname="ukrpostTestingChrome.EnterPAChromeTest"/>
  <testcase name="LoginToPa" time="2.491" classname="ukrpostTestingChrome.EnterPAChromeTest"/>
</testsuite> <!-- ukrpostTestingChrome.EnterPAChromeTest -->
