<?xml version="1.0" encoding="UTF-8"?>
<!-- Generated by org.testng.reporters.JUnitReportReporter -->
<testsuite hostname="DESKTOP-LLG3SK2" name="ukrpostTestingChrome.EnterPaMakeShipmentChromeTest" tests="5" failures="0" timestamp="18 Apr 2018 10:59:17 GMT" time="20.761" errors="0">
  <testcase name="CreateShipment" time="1.486" classname="ukrpostTestingChrome.EnterPaMakeShipmentChromeTest"/>
  <testcase name="CheckShipmentData" time="4.187" classname="ukrpostTestingChrome.EnterPaMakeShipmentChromeTest"/>
  <testcase name="LoginToPa" time="4.402" classname="ukrpostTestingChrome.EnterPaMakeShipmentChromeTest"/>
  <testcase name="CreateShipmentGroup" time="7.981" classname="ukrpostTestingChrome.EnterPaMakeShipmentChromeTest"/>
  <testcase name="Loadsite" time="2.705" classname="ukrpostTestingChrome.EnterPaMakeShipmentChromeTest"/>
</testsuite> <!-- ukrpostTestingChrome.EnterPaMakeShipmentChromeTest -->
