<?xml version="1.0" encoding="UTF-8"?>
<!-- Generated by org.testng.reporters.JUnitReportReporter -->
<testsuite hostname="DESKTOP-LLG3SK2" name="ukrpostTesting.EnterPAChrome" tests="3" failures="0" timestamp="21 Feb 2018 13:56:34 GMT" time="23.594" errors="0">
  <testcase name="Loadsite" time="8.101" classname="ukrpostTesting.EnterPAChrome"/>
  <testcase name="LoginToPa" time="6.715" classname="ukrpostTesting.EnterPAChrome"/>
  <testcase name="LogoutPa" time="8.778" classname="ukrpostTesting.EnterPAChrome"/>
</testsuite> <!-- ukrpostTesting.EnterPAChrome -->
