<?xml version="1.0" encoding="UTF-8"?>
<!-- Generated by org.testng.reporters.JUnitReportReporter -->
<testsuite hostname="DESKTOP-LLG3SK2" name="ukrpostTesting.EnterPaMakeShipment" tests="5" failures="0" timestamp="2 Apr 2018 08:41:45 GMT" time="18.763" errors="0">
  <testcase name="LoginToPa" time="3.050" classname="ukrpostTesting.EnterPaMakeShipment"/>
  <testcase name="Loadsite" time="3.207" classname="ukrpostTesting.EnterPaMakeShipment"/>
  <testcase name="CreateShipment" time="1.529" classname="ukrpostTesting.EnterPaMakeShipment"/>
  <testcase name="CheckShipmentData" time="5.306" classname="ukrpostTesting.EnterPaMakeShipment"/>
  <testcase name="CreateShipmentGroup" time="5.671" classname="ukrpostTesting.EnterPaMakeShipment"/>
</testsuite> <!-- ukrpostTesting.EnterPaMakeShipment -->
