<?xml version="1.0" encoding="UTF-8"?>
<!-- Generated by org.testng.reporters.JUnitReportReporter -->
<testsuite hostname="DESKTOP-R72767A" name="library.Utility" tests="1" failures="0" timestamp="5 Apr 2018 19:12:28 GMT" time="0.016" errors="0">
  <testcase name="setVariables" time="0.016" classname="library.Utility"/>
</testsuite> <!-- library.Utility -->
