<?xml version="1.0" encoding="UTF-8"?>
<!-- Generated by org.testng.reporters.JUnitReportReporter -->
<testsuite hostname="DESKTOP-LLG3SK2" name="ukrpostTestingChrome.CheckCalculatorChromeTest" tests="2" failures="0" timestamp="18 Apr 2018 08:07:37 GMT" time="4.266" errors="0">
  <testcase name="CalculateShipment" time="0.808" classname="ukrpostTestingChrome.CheckCalculatorChromeTest"/>
  <testcase name="Loadsite" time="3.458" classname="ukrpostTestingChrome.CheckCalculatorChromeTest"/>
</testsuite> <!-- ukrpostTestingChrome.CheckCalculatorChromeTest -->
