<?xml version="1.0" encoding="UTF-8"?>
<!-- Generated by org.testng.reporters.JUnitReportReporter -->
<testsuite hostname="DESKTOP-LLG3SK2" name="ukrpostTesting.EnterPAChrome" tests="3" failures="0" timestamp="24 Jan 2018 12:28:43 GMT" time="15.170" errors="0">
  <testcase name="LoginToPa" time="5.984" classname="ukrpostTesting.EnterPAChrome"/>
  <testcase name="LogoutPa" time="3.030" classname="ukrpostTesting.EnterPAChrome"/>
  <testcase name="Loadsite" time="6.156" classname="ukrpostTesting.EnterPAChrome"/>
</testsuite> <!-- ukrpostTesting.EnterPAChrome -->
