<?xml version="1.0" encoding="UTF-8"?>
<!-- Generated by org.testng.reporters.JUnitReportReporter -->
<testsuite hostname="DESKTOP-LLG3SK2" name="ukrpostTestingChrome.DropDown" tests="2" failures="0" timestamp="12 Apr 2018 12:32:30 GMT" time="2.591" errors="0">
  <testcase name="Loadsite" time="0.813" classname="ukrpostTestingChrome.DropDown"/>
  <testcase name="CheckElement" time="1.778" classname="ukrpostTestingChrome.DropDown"/>
</testsuite> <!-- ukrpostTestingChrome.DropDown -->
