<?xml version="1.0" encoding="UTF-8"?>
<!-- Generated by org.testng.reporters.JUnitReportReporter -->
<testsuite skipped="0" hostname="DESKTOP-LLG3SK2" name="ukrpostTestingChrome.DropDownTest" tests="2" failures="0" timestamp="29 мая 2018 09:46:18 GMT" time="3.667" errors="0">
  <testcase name="CheckElement" time="2.693" classname="ukrpostTestingChrome.DropDownTest"/>
  <testcase name="Loadsite" time="0.974" classname="ukrpostTestingChrome.DropDownTest"/>
</testsuite> <!-- ukrpostTestingChrome.DropDownTest -->
