<?xml version="1.0" encoding="UTF-8"?>
<!-- Generated by org.testng.reporters.JUnitReportReporter -->
<testsuite hostname="DESKTOP-LLG3SK2" name="ukrpostTesting.EnterPaMakeShipmentMozilla" tests="5" failures="0" timestamp="2 Apr 2018 08:48:17 GMT" time="20.588" errors="0">
  <testcase name="CreateShipment" time="2.000" classname="ukrpostTesting.EnterPaMakeShipmentMozilla"/>
  <testcase name="CreateShipmentGroup" time="7.137" classname="ukrpostTesting.EnterPaMakeShipmentMozilla"/>
  <testcase name="LoginToPa" time="2.988" classname="ukrpostTesting.EnterPaMakeShipmentMozilla"/>
  <testcase name="CheckShipmentData" time="5.404" classname="ukrpostTesting.EnterPaMakeShipmentMozilla"/>
  <testcase name="Loadsite" time="3.059" classname="ukrpostTesting.EnterPaMakeShipmentMozilla"/>
</testsuite> <!-- ukrpostTesting.EnterPaMakeShipmentMozilla -->
