<?xml version="1.0" encoding="UTF-8"?>
<!-- Generated by org.testng.reporters.JUnitReportReporter -->
<testsuite hostname="DESKTOP-LLG3SK2" name="ukrpostTesting.EnterPAChrome" tests="3" failures="0" timestamp="15 Dec 2017 12:57:59 GMT" time="13.454" errors="0">
  <testcase name="LoginToPa" time="5.509" classname="ukrpostTesting.EnterPAChrome"/>
  <testcase name="Loadsite" time="4.302" classname="ukrpostTesting.EnterPAChrome"/>
  <testcase name="LogoutPa" time="3.643" classname="ukrpostTesting.EnterPAChrome"/>
</testsuite> <!-- ukrpostTesting.EnterPAChrome -->
