<?xml version="1.0" encoding="UTF-8"?>
<!-- Generated by org.testng.reporters.JUnitReportReporter -->
<testsuite hostname="DESKTOP-LLG3SK2" name="ukrpostTestingMozilla.CheckCalculatorMozila" tests="2" failures="0" timestamp="2 Apr 2018 08:50:18 GMT" time="4.288" errors="0">
  <testcase name="CalculateShipment" time="1.048" classname="ukrpostTestingMozilla.CheckCalculatorMozila"/>
  <testcase name="Loadsite" time="3.240" classname="ukrpostTestingMozilla.CheckCalculatorMozila"/>
</testsuite> <!-- ukrpostTestingMozilla.CheckCalculatorMozila -->
