<?xml version="1.0" encoding="UTF-8"?>
<!-- Generated by org.testng.reporters.JUnitReportReporter -->
<testsuite hostname="DESKTOP-R72767A" name="ukrpostTestingChrome.CheckCalculatorChrome" tests="2" failures="0" timestamp="16 Apr 2018 17:27:23 GMT" time="5.471" errors="0">
  <testcase name="Loadsite" time="4.688" classname="ukrpostTestingChrome.CheckCalculatorChrome"/>
  <testcase name="CalculateShipment" time="0.783" classname="ukrpostTestingChrome.CheckCalculatorChrome"/>
</testsuite> <!-- ukrpostTestingChrome.CheckCalculatorChrome -->
