<?xml version="1.0" encoding="UTF-8"?>
<!-- Generated by org.testng.reporters.JUnitReportReporter -->
<testsuite hostname="DESKTOP-LLG3SK2" name="ukrpostTesting.CheckCalculatorChrome" tests="2" failures="0" timestamp="21 Feb 2018 13:52:38 GMT" time="19.723" errors="0">
  <testcase name="Loadsite" time="19.039" classname="ukrpostTesting.CheckCalculatorChrome"/>
  <testcase name="CalculateShipment" time="0.684" classname="ukrpostTesting.CheckCalculatorChrome"/>
</testsuite> <!-- ukrpostTesting.CheckCalculatorChrome -->
