<?xml version="1.0" encoding="UTF-8"?>
<!-- Generated by org.testng.reporters.JUnitReportReporter -->
<testsuite hostname="DESKTOP-LLG3SK2" name="ukrpostTesting.EnterPaMakeShipment" tests="5" failures="0" timestamp="24 Jan 2018 14:50:45 GMT" time="26.985" errors="0">
  <testcase name="CreateShipmentGroup" time="5.103" classname="ukrpostTesting.EnterPaMakeShipment"/>
  <testcase name="LoginToPa" time="5.366" classname="ukrpostTesting.EnterPaMakeShipment"/>
  <testcase name="CreateShipment" time="6.440" classname="ukrpostTesting.EnterPaMakeShipment"/>
  <testcase name="CheckShipmentCreation" time="0.049" classname="ukrpostTesting.EnterPaMakeShipment"/>
  <testcase name="Loadsite" time="10.027" classname="ukrpostTesting.EnterPaMakeShipment"/>
</testsuite> <!-- ukrpostTesting.EnterPaMakeShipment -->
