<?xml version="1.0" encoding="UTF-8"?>
<!-- Generated by org.testng.reporters.JUnitReportReporter -->
<testsuite hostname="DESKTOP-LLG3SK2" name="ukrpostTesting.EnterPaFillShipmentData" tests="5" failures="0" timestamp="2 Apr 2018 08:37:19 GMT" time="17.866" errors="0">
  <testcase name="LoginToPa" time="2.692" classname="ukrpostTesting.EnterPaFillShipmentData"/>
  <testcase name="CreateShipmentGroup" time="5.545" classname="ukrpostTesting.EnterPaFillShipmentData"/>
  <testcase name="Loadsite" time="3.295" classname="ukrpostTesting.EnterPaFillShipmentData"/>
  <testcase name="CheckShipmentData" time="4.794" classname="ukrpostTesting.EnterPaFillShipmentData"/>
  <testcase name="CreateShipment" time="1.540" classname="ukrpostTesting.EnterPaFillShipmentData"/>
</testsuite> <!-- ukrpostTesting.EnterPaFillShipmentData -->
