<?xml version="1.0" encoding="UTF-8"?>
<!-- Generated by org.testng.reporters.JUnitReportReporter -->
<testsuite hostname="DESKTOP-LLG3SK2" name="ukrpostTesting.CheckCalculatorMozila" tests="2" failures="0" timestamp="21 Feb 2018 13:52:01 GMT" time="18.831" errors="0">
  <testcase name="CalculateShipment" time="1.143" classname="ukrpostTesting.CheckCalculatorMozila"/>
  <testcase name="Loadsite" time="17.688" classname="ukrpostTesting.CheckCalculatorMozila"/>
</testsuite> <!-- ukrpostTesting.CheckCalculatorMozila -->
