<?xml version="1.0" encoding="UTF-8"?>
<!-- Generated by org.testng.reporters.JUnitReportReporter -->
<testsuite hostname="DESKTOP-LLG3SK2" name="ukrpostTestingChrome.EnterPaNegativeChromeTest" tests="2" failures="0" timestamp="17 Apr 2018 12:56:27 GMT" time="5.045" errors="0">
  <testcase name="Loadsite" time="3.243" classname="ukrpostTestingChrome.EnterPaNegativeChromeTest"/>
  <testcase name="LoginToPa" time="1.802" classname="ukrpostTestingChrome.EnterPaNegativeChromeTest"/>
</testsuite> <!-- ukrpostTestingChrome.EnterPaNegativeChromeTest -->
