<?xml version="1.0" encoding="UTF-8"?>
<!-- Generated by org.testng.reporters.JUnitReportReporter -->
<testsuite hostname="DESKTOP-LLG3SK2" name="ukrpostTesting.EnterPaNegativeChrome" tests="2" failures="0" timestamp="21 Feb 2018 14:01:04 GMT" time="7.035" errors="0">
  <testcase name="Loadsite" time="5.073" classname="ukrpostTesting.EnterPaNegativeChrome"/>
  <testcase name="LoginToPa" time="1.962" classname="ukrpostTesting.EnterPaNegativeChrome"/>
</testsuite> <!-- ukrpostTesting.EnterPaNegativeChrome -->
