<?xml version="1.0" encoding="UTF-8"?>
<!-- Generated by org.testng.reporters.JUnitReportReporter -->
<testsuite hostname="DESKTOP-LLG3SK2" name="ukrpostTesting.EnterPaFirefox" tests="3" failures="0" timestamp="21 Feb 2018 13:58:34 GMT" time="15.645" errors="0">
  <testcase name="LogoutPa" time="3.868" classname="ukrpostTesting.EnterPaFirefox"/>
  <testcase name="LoginToPa" time="4.248" classname="ukrpostTesting.EnterPaFirefox"/>
  <testcase name="Loadsite" time="7.529" classname="ukrpostTesting.EnterPaFirefox"/>
</testsuite> <!-- ukrpostTesting.EnterPaFirefox -->
